0 info it worked if it ends with ok
1 verbose cli [ '/Users/wanghaigang/.nvm/versions/node/v7.4.0/bin/node',
1 verbose cli   '/Users/wanghaigang/.nvm/versions/node/v7.4.0/bin/npm',
1 verbose cli   'run',
1 verbose cli   'docs:build' ]
2 info using npm@4.0.5
3 info using node@v7.4.0
4 verbose run-script [ 'predocs:build', 'docs:build', 'postdocs:build' ]
5 info lifecycle JS-Finder@1.0.0~predocs:build: JS-Finder@1.0.0
6 silly lifecycle JS-Finder@1.0.0~predocs:build: no script for predocs:build, continuing
7 info lifecycle JS-Finder@1.0.0~docs:build: JS-Finder@1.0.0
8 verbose lifecycle JS-Finder@1.0.0~docs:build: unsafe-perm in lifecycle true
9 verbose lifecycle JS-Finder@1.0.0~docs:build: PATH: /Users/wanghaigang/.nvm/versions/node/v7.4.0/lib/node_modules/npm/bin/node-gyp-bin:/Users/wanghaigang/Documents/MySpace/JS-Finder/node_modules/.bin:/Users/wanghaigang/.nvm/versions/node/v7.4.0/bin:/Library/Frameworks/Python.framework/Versions/3.6/bin:/usr/local/bin:/usr/bin:/bin:/usr/sbin:/sbin
10 verbose lifecycle JS-Finder@1.0.0~docs:build: CWD: /Users/wanghaigang/Documents/MySpace/JS-Finder
11 silly lifecycle JS-Finder@1.0.0~docs:build: Args: [ '-c', 'vuepress build docs' ]
12 silly lifecycle JS-Finder@1.0.0~docs:build: Returned: code: 1  signal: null
13 info lifecycle JS-Finder@1.0.0~docs:build: Failed to exec docs:build script
14 verbose stack Error: JS-Finder@1.0.0 docs:build: `vuepress build docs`
14 verbose stack Exit status 1
14 verbose stack     at EventEmitter.<anonymous> (/Users/wanghaigang/.nvm/versions/node/v7.4.0/lib/node_modules/npm/lib/utils/lifecycle.js:279:16)
14 verbose stack     at emitTwo (events.js:106:13)
14 verbose stack     at EventEmitter.emit (events.js:191:7)
14 verbose stack     at ChildProcess.<anonymous> (/Users/wanghaigang/.nvm/versions/node/v7.4.0/lib/node_modules/npm/lib/utils/spawn.js:40:14)
14 verbose stack     at emitTwo (events.js:106:13)
14 verbose stack     at ChildProcess.emit (events.js:191:7)
14 verbose stack     at maybeClose (internal/child_process.js:885:16)
14 verbose stack     at Process.ChildProcess._handle.onexit (internal/child_process.js:226:5)
15 verbose pkgid JS-Finder@1.0.0
16 verbose cwd /Users/wanghaigang/Documents/MySpace/JS-Finder
17 error Darwin 17.7.0
18 error argv "/Users/wanghaigang/.nvm/versions/node/v7.4.0/bin/node" "/Users/wanghaigang/.nvm/versions/node/v7.4.0/bin/npm" "run" "docs:build"
19 error node v7.4.0
20 error npm  v4.0.5
21 error code ELIFECYCLE
22 error JS-Finder@1.0.0 docs:build: `vuepress build docs`
22 error Exit status 1
23 error Failed at the JS-Finder@1.0.0 docs:build script 'vuepress build docs'.
23 error Make sure you have the latest version of node.js and npm installed.
23 error If you do, this is most likely a problem with the JS-Finder package,
23 error not with npm itself.
23 error Tell the author that this fails on your system:
23 error     vuepress build docs
23 error You can get information on how to open an issue for this project with:
23 error     npm bugs JS-Finder
23 error Or if that isn't available, you can get their info via:
23 error     npm owner ls JS-Finder
23 error There is likely additional logging output above.
24 verbose exit [ 1, true ]
